<?xml version="1.0" encoding="UTF-8"?>
<!-- Generated by org.testng.reporters.JUnitReportReporter -->
<testsuite skipped="0" hostname="Personal" name="com.test.TestClass" tests="4" failures="0" timestamp="17 Oct 2022 12:30:04 GMT" time="88.899" errors="0">
  <testcase name="test01" time="1.153" classname="com.test.TestClass"/>
  <testcase name="phone" time="32.582" classname="com.test.TestClass"/>
  <testcase name="laptop" time="46.516" classname="com.test.TestClass"/>
  <testcase name="cartPage" time="8.648" classname="com.test.TestClass"/>
</testsuite> <!-- com.test.TestClass -->
