<?xml version="1.0" encoding="UTF-8"?>
<!-- Generated by org.testng.reporters.JUnitReportReporter -->
<testsuite skipped="0" hostname="Personal" name="com.test.TestClass" tests="4" failures="0" timestamp="01 Oct 2022 11:56:23 GMT" time="101.795" errors="0">
  <testcase name="test01" time="2.190" classname="com.test.TestClass"/>
  <testcase name="phone" time="30.630" classname="com.test.TestClass"/>
  <testcase name="laptop" time="54.834" classname="com.test.TestClass"/>
  <testcase name="cartPage" time="14.141" classname="com.test.TestClass"/>
</testsuite> <!-- com.test.TestClass -->
